# JRE version: OpenJDK Runtime Environment (8.0_152-b01) (build 1.8.0_152-release-915-b01)
# Java VM: OpenJDK 64-Bit Server VM (25.152-b01 mixed mode windows-amd64 compressed oops)
Heap:
 PSYoungGen      total 164864K, used 121609K [0x00000000e0000000, 0x00000000eb500000, 0x0000000100000000)
  eden space 153600K, 75% used [0x00000000e0000000,0x00000000e70cd998,0x00000000e9600000)
  from space 11264K, 54% used [0x00000000eaa00000,0x00000000eaff4c18,0x00000000eb500000)
  to   space 15872K, 0% used [0x00000000e9600000,0x00000000e9600000,0x00000000ea580000)
 ParOldGen       total 97280K, used 51924K [0x00000000a0000000, 0x00000000a5f00000, 0x00000000e0000000)
  object space 97280K, 53% used [0x00000000a0000000,0x00000000a32b5208,0x00000000a5f00000)
 Metaspace       used 65283K, capacity 68310K, committed 68568K, reserved 1107968K
  class space    used 8611K, capacity 9375K, committed 9472K, reserved 1048576K
GC Heap History (10 events):
Event: 48.112 GC heap before
{Heap before GC invocations=21 (full 2):
 PSYoungGen      total 102912K, used 100028K [0x00000000e0000000, 0x00000000e7200000, 0x0000000100000000)
  eden space 92160K, 100% used [0x00000000e0000000,0x00000000e5a00000,0x00000000e5a00000)
  from space 10752K, 73% used [0x00000000e6500000,0x00000000e6caf1d0,0x00000000e6f80000)
  to   space 11264K, 0% used [0x00000000e5a00000,0x00000000e5a00000,0x00000000e6500000)
 ParOldGen       total 54784K, used 31197K [0x00000000a0000000, 0x00000000a3580000, 0x00000000e0000000)
  object space 54784K, 56% used [0x00000000a0000000,0x00000000a1e77730,0x00000000a3580000)
 Metaspace       used 55997K, capacity 58228K, committed 58456K, reserved 1099776K
  class space    used 7663K, capacity 8259K, committed 8320K, reserved 1048576K
Event: 48.156 GC heap after
Heap after GC invocations=21 (full 2):
 PSYoungGen      total 103424K, used 11264K [0x00000000e0000000, 0x00000000e9880000, 0x0000000100000000)
  eden space 92160K, 0% used [0x00000000e0000000,0x00000000e0000000,0x00000000e5a00000)
  from space 11264K, 100% used [0x00000000e5a00000,0x00000000e6500000,0x00000000e6500000)
  to   space 15360K, 0% used [0x00000000e8980000,0x00000000e8980000,0x00000000e9880000)
 ParOldGen       total 54784K, used 38845K [0x00000000a0000000, 0x00000000a3580000, 0x00000000e0000000)
  object space 54784K, 70% used [0x00000000a0000000,0x00000000a25ef478,0x00000000a3580000)
 Metaspace       used 55997K, capacity 58228K, committed 58456K, reserved 1099776K
  class space    used 7663K, capacity 8259K, committed 8320K, reserved 1048576K
}
Event: 49.282 GC heap before
{Heap before GC invocations=22 (full 2):
 PSYoungGen      total 103424K, used 39082K [0x00000000e0000000, 0x00000000e9880000, 0x0000000100000000)
  eden space 92160K, 30% used [0x00000000e0000000,0x00000000e1b2abe8,0x00000000e5a00000)
  from space 11264K, 100% used [0x00000000e5a00000,0x00000000e6500000,0x00000000e6500000)
  to   space 15360K, 0% used [0x00000000e8980000,0x00000000e8980000,0x00000000e9880000)
 ParOldGen       total 54784K, used 38845K [0x00000000a0000000, 0x00000000a3580000, 0x00000000e0000000)
  object space 54784K, 70% used [0x00000000a0000000,0x00000000a25ef478,0x00000000a3580000)
 Metaspace       used 56631K, capacity 58944K, committed 59028K, reserved 1099776K
  class space    used 7737K, capacity 8366K, committed 8448K, reserved 1048576K
Event: 49.320 GC heap after
Heap after GC invocations=22 (full 2):
 PSYoungGen      total 140288K, used 1264K [0x00000000e0000000, 0x00000000e9980000, 0x0000000100000000)
  eden space 124928K, 0% used [0x00000000e0000000,0x00000000e0000000,0x00000000e7a00000)
  from space 15360K, 8% used [0x00000000e8980000,0x00000000e8abc030,0x00000000e9880000)
  to   space 15872K, 0% used [0x00000000e7a00000,0x00000000e7a00000,0x00000000e8980000)
 ParOldGen       total 54784K, used 49682K [0x00000000a0000000, 0x00000000a3580000, 0x00000000e0000000)
  object space 54784K, 90% used [0x00000000a0000000,0x00000000a3084830,0x00000000a3580000)
 Metaspace       used 56631K, capacity 58944K, committed 59028K, reserved 1099776K
  class space    used 7737K, capacity 8366K, committed 8448K, reserved 1048576K
}
Event: 49.320 GC heap before
{Heap before GC invocations=23 (full 3):
 PSYoungGen      total 140288K, used 1264K [0x00000000e0000000, 0x00000000e9980000, 0x0000000100000000)
  eden space 124928K, 0% used [0x00000000e0000000,0x00000000e0000000,0x00000000e7a00000)
  from space 15360K, 8% used [0x00000000e8980000,0x00000000e8abc030,0x00000000e9880000)
  to   space 15872K, 0% used [0x00000000e7a00000,0x00000000e7a00000,0x00000000e8980000)
 ParOldGen       total 54784K, used 49682K [0x00000000a0000000, 0x00000000a3580000, 0x00000000e0000000)
  object space 54784K, 90% used [0x00000000a0000000,0x00000000a3084830,0x00000000a3580000)
 Metaspace       used 56631K, capacity 58944K, committed 59028K, reserved 1099776K
  class space    used 7737K, capacity 8366K, committed 8448K, reserved 1048576K
Event: 49.715 GC heap after
Heap after GC invocations=23 (full 3):
 PSYoungGen      total 140288K, used 0K [0x00000000e0000000, 0x00000000e9980000, 0x0000000100000000)
  eden space 124928K, 0% used [0x00000000e0000000,0x00000000e0000000,0x00000000e7a00000)
  from space 15360K, 0% used [0x00000000e8980000,0x00000000e8980000,0x00000000e9880000)
  to   space 15872K, 0% used [0x00000000e7a00000,0x00000000e7a00000,0x00000000e8980000)
 ParOldGen       total 97280K, used 48081K [0x00000000a0000000, 0x00000000a5f00000, 0x00000000e0000000)
  object space 97280K, 49% used [0x00000000a0000000,0x00000000a2ef4770,0x00000000a5f00000)
 Metaspace       used 56631K, capacity 58944K, committed 59028K, reserved 1099776K
  class space    used 7737K, capacity 8366K, committed 8448K, reserved 1048576K
}
Event: 64.084 GC heap before
{Heap before GC invocations=24 (full 3):
 PSYoungGen      total 140288K, used 124928K [0x00000000e0000000, 0x00000000e9980000, 0x0000000100000000)
  eden space 124928K, 100% used [0x00000000e0000000,0x00000000e7a00000,0x00000000e7a00000)
  from space 15360K, 0% used [0x00000000e8980000,0x00000000e8980000,0x00000000e9880000)
  to   space 15872K, 0% used [0x00000000e7a00000,0x00000000e7a00000,0x00000000e8980000)
 ParOldGen       total 97280K, used 48081K [0x00000000a0000000, 0x00000000a5f00000, 0x00000000e0000000)
  object space 97280K, 49% used [0x00000000a0000000,0x00000000a2ef4770,0x00000000a5f00000)
 Metaspace       used 61296K, capacity 64106K, committed 64216K, reserved 1103872K
  class space    used 8203K, capacity 8889K, committed 8960K, reserved 1048576K
Event: 64.100 GC heap after
Heap after GC invocations=24 (full 3):
 PSYoungGen      total 140800K, used 11400K [0x00000000e0000000, 0x00000000eba80000, 0x0000000100000000)
  eden space 124928K, 0% used [0x00000000e0000000,0x00000000e0000000,0x00000000e7a00000)
  from space 15872K, 71% used [0x00000000e7a00000,0x00000000e85223d0,0x00000000e8980000)
  to   space 16896K, 0% used [0x00000000eaa00000,0x00000000eaa00000,0x00000000eba80000)
 ParOldGen       total 97280K, used 48089K [0x00000000a0000000, 0x00000000a5f00000, 0x00000000e0000000)
  object space 97280K, 49% used [0x00000000a0000000,0x00000000a2ef6770,0x00000000a5f00000)
 Metaspace       used 61296K, capacity 64106K, committed 64216K, reserved 1103872K
  class space    used 8203K, capacity 8889K, committed 8960K, reserved 1048576K
}
Event: 5442.807 GC heap before
{Heap before GC invocations=25 (full 3):
 PSYoungGen      total 140800K, used 136328K [0x00000000e0000000, 0x00000000eba80000, 0x0000000100000000)
  eden space 124928K, 100% used [0x00000000e0000000,0x00000000e7a00000,0x00000000e7a00000)
  from space 15872K, 71% used [0x00000000e7a00000,0x00000000e85223d0,0x00000000e8980000)
  to   space 16896K, 0% used [0x00000000eaa00000,0x00000000eaa00000,0x00000000eba80000)
 ParOldGen       total 97280K, used 48089K [0x00000000a0000000, 0x00000000a5f00000, 0x00000000e0000000)
  object space 97280K, 49% used [0x00000000a0000000,0x00000000a2ef6770,0x00000000a5f00000)
 Metaspace       used 64469K, capacity 67416K, committed 67672K, reserved 1107968K
  class space    used 8519K, capacity 9246K, committed 9344K, reserved 1048576K
Event: 5442.822 GC heap after
Heap after GC invocations=25 (full 3):
 PSYoungGen      total 164864K, used 6099K [0x00000000e0000000, 0x00000000eb500000, 0x0000000100000000)
  eden space 153600K, 0% used [0x00000000e0000000,0x00000000e0000000,0x00000000e9600000)
  from space 11264K, 54% used [0x00000000eaa00000,0x00000000eaff4c18,0x00000000eb500000)
  to   space 15872K, 0% used [0x00000000e9600000,0x00000000e9600000,0x00000000ea580000)
 ParOldGen       total 97280K, used 51924K [0x00000000a0000000, 0x00000000a5f00000, 0x00000000e0000000)
  object space 97280K, 53% used [0x00000000a0000000,0x00000000a32b5208,0x00000000a5f00000)
 Metaspace       used 64469K, capacity 67416K, committed 67672K, reserved 1107968K
  class space    used 8519K, capacity 9246K, committed 9344K, reserved 1048576K
}

